[2021-03-11 12:36:11,097:INFO] Running on rmitgpu
[2021-03-11 12:36:11,098:INFO] Namespace(batch_norm=False, batch_renorm=False, concat_branches=[0, 0, 0, 0, 0, 0], dropout=False, dset='from_cached_tfrecords', dset_dir='/media/SSD/DATA/ayman/papers/spherical-cnn/data/mnist', dtype='float32', extra_loss=False, final_pool='gap', first_n=None, from_scratch=False, input_res=28, learning_rate={0: 0.001, 15: 0.0002, 40: 4e-05, 150: 2e-05, 180: 1e-05}, logdir='tmp/mnist1', mag_ang=False, model='two_branch', n_classes=10, n_epochs=150, n_filter_params=9, nchannels=1, nfilters=[9], no_final_fc=False, nonlin='relu', optimizer='adam', order=0, pool='wap', pool_layers=[0], real_inputs=True, regularization_weight=0, round_batches=False, run_id='m40-so3', skip_val=False, spectral_input=False, spectral_pool=True, test_n=0, test_only=False, train_bsize=32, transform_method='naive', triplet_loss=False, weighted_sph_avg=True)
[2021-03-11 12:36:11,098:INFO] Loading dataset from from_cached_tfrecords...
[2021-03-11 12:36:11,118:INFO] Loading model two_branch. Logdir tmp/mnist1
[2021-03-11 12:36:11,118:INFO] Continuing from checkpoint in tmp/mnist1
[2021-03-11 12:36:12,007:INFO] trainable parameters 601179
[2021-03-11 12:36:12,007:INFO] Start training...
[2021-03-11 12:42:58,068:INFO] Running on rmitgpu
[2021-03-11 12:42:58,068:INFO] Namespace(batch_norm=False, batch_renorm=False, concat_branches=[0, 0, 0, 0, 0, 0], dropout=False, dset='from_cached_tfrecords', dset_dir='/media/SSD/DATA/ayman/papers/spherical-cnn/data/mnist', dtype='float32', extra_loss=False, final_pool='gap', first_n=None, from_scratch=False, input_res=28, learning_rate={0: 0.001, 15: 0.0002, 40: 4e-05, 150: 2e-05, 180: 1e-05}, logdir='tmp/mnist1', mag_ang=False, model='two_branch', n_classes=10, n_epochs=150, n_filter_params=9, nchannels=1, nfilters=[9], no_final_fc=False, nonlin='relu', optimizer='adam', order=0, pool='wap', pool_layers=[0], real_inputs=True, regularization_weight=0, round_batches=False, run_id='m40-so3', skip_val=False, spectral_input=False, spectral_pool=True, test_n=0, test_only=False, train_bsize=32, transform_method='naive', triplet_loss=False, weighted_sph_avg=True)
[2021-03-11 12:42:58,069:INFO] Loading dataset from from_cached_tfrecords...
[2021-03-11 12:42:58,091:INFO] Loading model two_branch. Logdir tmp/mnist1
[2021-03-11 12:42:58,091:INFO] Continuing from checkpoint in tmp/mnist1
[2021-03-11 12:42:58,991:INFO] trainable parameters 601179
[2021-03-11 12:42:58,992:INFO] Start training...
[2021-03-11 12:43:23,344:INFO] epoch=1; lr=0.0010 train: 0.8506, valid: 0.8744, augm: 0.5009, noise: 0.8058, missp: 0.0000
[2021-03-11 12:43:41,215:INFO] epoch=2; lr=0.0010 train: 0.9229, valid: 0.8803, augm: 0.6234, noise: 0.8275, missp: 0.0000
[2021-03-11 12:43:59,087:INFO] epoch=3; lr=0.0010 train: 0.9329, valid: 0.8885, augm: 0.7182, noise: 0.8495, missp: 0.0000
[2021-03-11 12:44:16,803:INFO] epoch=4; lr=0.0010 train: 0.9409, valid: 0.9154, augm: 0.7487, noise: 0.8847, missp: 0.0000
[2021-03-11 12:44:34,941:INFO] epoch=5; lr=0.0010 train: 0.9462, valid: 0.9200, augm: 0.7388, noise: 0.8832, missp: 0.0000
[2021-03-11 12:44:52,537:INFO] epoch=6; lr=0.0010 train: 0.9522, valid: 0.9302, augm: 0.7586, noise: 0.8964, missp: 0.0000
[2021-03-11 12:45:09,974:INFO] epoch=7; lr=0.0010 train: 0.9577, valid: 0.9346, augm: 0.7609, noise: 0.8996, missp: 0.0000
[2021-03-11 12:45:28,323:INFO] epoch=8; lr=0.0010 train: 0.9627, valid: 0.9383, augm: 0.7557, noise: 0.9010, missp: 0.0000
[2021-03-11 12:45:45,945:INFO] epoch=9; lr=0.0010 train: 0.9657, valid: 0.9382, augm: 0.7473, noise: 0.9009, missp: 0.0000
[2021-03-11 12:46:03,505:INFO] epoch=10; lr=0.0010 train: 0.9682, valid: 0.9368, augm: 0.7429, noise: 0.8977, missp: 0.0000
[2021-03-11 12:46:21,610:INFO] epoch=11; lr=0.0010 train: 0.9715, valid: 0.9325, augm: 0.7468, noise: 0.8981, missp: 0.0000
[2021-03-11 12:46:39,365:INFO] epoch=12; lr=0.0010 train: 0.9733, valid: 0.9278, augm: 0.7225, noise: 0.8868, missp: 0.0000
[2021-03-11 12:46:57,012:INFO] epoch=13; lr=0.0010 train: 0.9771, valid: 0.9275, augm: 0.7373, noise: 0.8879, missp: 0.0000
[2021-03-11 12:47:14,633:INFO] epoch=14; lr=0.0010 train: 0.9774, valid: 0.9369, augm: 0.7316, noise: 0.8925, missp: 0.0000
[2021-03-11 12:47:32,258:INFO] epoch=15; lr=0.0010 train: 0.9796, valid: 0.9341, augm: 0.7410, noise: 0.8955, missp: 0.0000
[2021-03-11 12:47:49,964:INFO] epoch=16; lr=0.0002 train: 0.9872, valid: 0.9474, augm: 0.7351, noise: 0.9034, missp: 0.0000
[2021-03-11 12:48:07,699:INFO] epoch=17; lr=0.0002 train: 0.9933, valid: 0.9489, augm: 0.7352, noise: 0.9037, missp: 0.0000
[2021-03-11 12:48:25,109:INFO] epoch=18; lr=0.0002 train: 0.9959, valid: 0.9491, augm: 0.7327, noise: 0.9039, missp: 0.0000
[2021-03-11 12:48:42,816:INFO] epoch=19; lr=0.0002 train: 0.9977, valid: 0.9482, augm: 0.7287, noise: 0.9031, missp: 0.0000
[2021-03-11 12:49:00,489:INFO] epoch=20; lr=0.0002 train: 0.9985, valid: 0.9481, augm: 0.7281, noise: 0.9011, missp: 0.0000
[2021-03-11 12:49:18,318:INFO] epoch=21; lr=0.0002 train: 0.9989, valid: 0.9472, augm: 0.7257, noise: 0.9009, missp: 0.0000
[2021-03-11 12:49:35,798:INFO] epoch=22; lr=0.0002 train: 0.9994, valid: 0.9483, augm: 0.7264, noise: 0.9000, missp: 0.0000
[2021-03-11 12:49:53,487:INFO] epoch=23; lr=0.0002 train: 0.9992, valid: 0.9474, augm: 0.7248, noise: 0.8999, missp: 0.0000
[2021-03-11 12:50:11,411:INFO] epoch=24; lr=0.0002 train: 0.9993, valid: 0.9481, augm: 0.7241, noise: 0.8994, missp: 0.0000
[2021-03-11 12:50:28,956:INFO] epoch=25; lr=0.0002 train: 0.9996, valid: 0.9483, augm: 0.7301, noise: 0.9019, missp: 0.0000
[2021-03-11 12:50:46,672:INFO] epoch=26; lr=0.0002 train: 0.9998, valid: 0.9474, augm: 0.7320, noise: 0.9026, missp: 0.0000
[2021-03-11 12:51:04,318:INFO] epoch=27; lr=0.0002 train: 0.9992, valid: 0.9465, augm: 0.7313, noise: 0.9006, missp: 0.0000
[2021-03-11 12:51:22,127:INFO] epoch=28; lr=0.0002 train: 0.9995, valid: 0.9499, augm: 0.7262, noise: 0.8987, missp: 0.0000
[2021-03-11 12:51:40,100:INFO] epoch=29; lr=0.0002 train: 0.9997, valid: 0.9488, augm: 0.7295, noise: 0.9033, missp: 0.0000
[2021-03-11 12:51:57,766:INFO] epoch=30; lr=0.0002 train: 0.9996, valid: 0.9493, augm: 0.7281, noise: 0.9017, missp: 0.0000
[2021-03-11 12:52:15,491:INFO] epoch=31; lr=0.0002 train: 0.9998, valid: 0.9472, augm: 0.7319, noise: 0.9004, missp: 0.0000
[2021-03-11 12:52:33,398:INFO] epoch=32; lr=0.0002 train: 0.9997, valid: 0.9480, augm: 0.7279, noise: 0.9009, missp: 0.0000
[2021-03-11 12:52:51,015:INFO] epoch=33; lr=0.0002 train: 0.9996, valid: 0.9494, augm: 0.7240, noise: 0.9012, missp: 0.0000
[2021-03-11 12:53:08,792:INFO] epoch=34; lr=0.0002 train: 0.9997, valid: 0.9487, augm: 0.7327, noise: 0.9024, missp: 0.0000
[2021-03-11 12:53:26,440:INFO] epoch=35; lr=0.0002 train: 0.9995, valid: 0.9484, augm: 0.7247, noise: 0.8973, missp: 0.0000
